<?xml version="1.0" encoding="UTF-8"?>
<coverage generated="1716699642409" clover="3.2.0">
  <project timestamp="1716699642409" name="All files">
    <metrics statements="4" coveredstatements="4" conditionals="0" coveredconditionals="0" methods="1" coveredmethods="1" elements="5" coveredelements="5" complexity="0" loc="4" ncloc="4" packages="1" files="1" classes="1"/>
    <file name="helloworld.js" path="C:\Users\Jared\Documents\GitHub\cit262-JaredGB1-test\NodeJSExample\src\helloworld.js">
      <metrics statements="4" coveredstatements="4" conditionals="0" coveredconditionals="0" methods="1" coveredmethods="1"/>
      <line num="1" count="1" type="stmt"/>
      <line num="4" count="2" type="stmt"/>
      <line num="7" count="1" type="stmt"/>
      <line num="9" count="1" type="stmt"/>
    </file>
  </project>
</coverage>
