{"C:\\Users\\Jared\\Documents\\GitHub\\cit262-JaredGB1-test\\NodeJSExample\\src\\helloworld.js": {"path":"C:\\Users\\Jared\\Documents\\GitHub\\cit262-JaredGB1-test\\NodeJSExample\\src\\helloworld.js","statementMap":{"0":{"start":{"line":1,"column":18},"end":{"line":1,"column":25}},"1":{"start":{"line":4,"column":2},"end":{"line":4,"column":21}},"2":{"start":{"line":7,"column":0},"end":{"line":7,"column":26}},"3":{"start":{"line":9,"column":0},"end":{"line":9,"column":28}}},"fnMap":{"0":{"name":"helloWorld","decl":{"start":{"line":3,"column":9},"end":{"line":3,"column":19}},"loc":{"start":{"line":3,"column":22},"end":{"line":5,"column":1}},"line":3}},"branchMap":{},"s":{"0":1,"1":2,"2":1,"3":1},"f":{"0":2},"b":{},"_coverageSchema":"1a1c01bbd47fc00a2c39e90264f33305004495a9","hash":"eb745caeb540ed5328783fb9b619ef12afd50e37"}
}
